{"C:\\Users\\Timothy Partaliano\\Desktop\\blood-nation-backend\\controllers\\eventController.js": {"path":"C:\\Users\\Timothy Partaliano\\Desktop\\blood-nation-backend\\controllers\\eventController.js","statementMap":{"0":{"start":{"line":1,"column":29},"end":{"line":1,"column":49}},"1":{"start":{"line":5,"column":21},"end":{"line":5,"column":40}},"2":{"start":{"line":6,"column":22},"end":{"line":6,"column":24}},"3":{"start":{"line":7,"column":23},"end":{"line":7,"column":41}},"4":{"start":{"line":9,"column":8},"end":{"line":15,"column":14}},"5":{"start":{"line":11,"column":16},"end":{"line":11,"column":45}},"6":{"start":{"line":14,"column":16},"end":{"line":14,"column":26}},"7":{"start":{"line":19,"column":8},"end":{"line":28,"column":14}},"8":{"start":{"line":21,"column":16},"end":{"line":23,"column":17}},"9":{"start":{"line":22,"column":20},"end":{"line":22,"column":80}},"10":{"start":{"line":24,"column":16},"end":{"line":24,"column":45}},"11":{"start":{"line":27,"column":16},"end":{"line":27,"column":26}},"12":{"start":{"line":32,"column":72},"end":{"line":32,"column":80}},"13":{"start":{"line":34,"column":8},"end":{"line":36,"column":9}},"14":{"start":{"line":35,"column":12},"end":{"line":35,"column":80}},"15":{"start":{"line":38,"column":8},"end":{"line":51,"column":14}},"16":{"start":{"line":47,"column":16},"end":{"line":47,"column":45}},"17":{"start":{"line":50,"column":16},"end":{"line":50,"column":26}},"18":{"start":{"line":55,"column":72},"end":{"line":55,"column":80}},"19":{"start":{"line":57,"column":8},"end":{"line":59,"column":9}},"20":{"start":{"line":58,"column":12},"end":{"line":58,"column":80}},"21":{"start":{"line":61,"column":24},"end":{"line":68,"column":9}},"22":{"start":{"line":70,"column":8},"end":{"line":83,"column":14}},"23":{"start":{"line":75,"column":16},"end":{"line":79,"column":17}},"24":{"start":{"line":76,"column":20},"end":{"line":76,"column":73}},"25":{"start":{"line":78,"column":20},"end":{"line":78,"column":105}},"26":{"start":{"line":82,"column":16},"end":{"line":82,"column":26}},"27":{"start":{"line":87,"column":8},"end":{"line":99,"column":14}},"28":{"start":{"line":91,"column":16},"end":{"line":95,"column":17}},"29":{"start":{"line":92,"column":20},"end":{"line":92,"column":73}},"30":{"start":{"line":94,"column":20},"end":{"line":94,"column":92}},"31":{"start":{"line":98,"column":16},"end":{"line":98,"column":26}},"32":{"start":{"line":103,"column":0},"end":{"line":103,"column":33}}},"fnMap":{"0":{"name":"(anonymous_0)","decl":{"start":{"line":4,"column":4},"end":{"line":4,"column":5}},"loc":{"start":{"line":4,"column":40},"end":{"line":16,"column":5}},"line":4},"1":{"name":"(anonymous_1)","decl":{"start":{"line":10,"column":18},"end":{"line":10,"column":19}},"loc":{"start":{"line":10,"column":28},"end":{"line":12,"column":13}},"line":10},"2":{"name":"(anonymous_2)","decl":{"start":{"line":13,"column":19},"end":{"line":13,"column":20}},"loc":{"start":{"line":13,"column":26},"end":{"line":15,"column":13}},"line":13},"3":{"name":"(anonymous_3)","decl":{"start":{"line":18,"column":4},"end":{"line":18,"column":5}},"loc":{"start":{"line":18,"column":40},"end":{"line":29,"column":5}},"line":18},"4":{"name":"(anonymous_4)","decl":{"start":{"line":20,"column":18},"end":{"line":20,"column":19}},"loc":{"start":{"line":20,"column":28},"end":{"line":25,"column":13}},"line":20},"5":{"name":"(anonymous_5)","decl":{"start":{"line":26,"column":19},"end":{"line":26,"column":20}},"loc":{"start":{"line":26,"column":26},"end":{"line":28,"column":13}},"line":26},"6":{"name":"(anonymous_6)","decl":{"start":{"line":31,"column":4},"end":{"line":31,"column":5}},"loc":{"start":{"line":31,"column":39},"end":{"line":52,"column":5}},"line":31},"7":{"name":"(anonymous_7)","decl":{"start":{"line":46,"column":18},"end":{"line":46,"column":19}},"loc":{"start":{"line":46,"column":28},"end":{"line":48,"column":13}},"line":46},"8":{"name":"(anonymous_8)","decl":{"start":{"line":49,"column":19},"end":{"line":49,"column":20}},"loc":{"start":{"line":49,"column":26},"end":{"line":51,"column":13}},"line":49},"9":{"name":"(anonymous_9)","decl":{"start":{"line":54,"column":4},"end":{"line":54,"column":5}},"loc":{"start":{"line":54,"column":43},"end":{"line":84,"column":5}},"line":54},"10":{"name":"(anonymous_10)","decl":{"start":{"line":74,"column":18},"end":{"line":74,"column":19}},"loc":{"start":{"line":74,"column":28},"end":{"line":80,"column":13}},"line":74},"11":{"name":"(anonymous_11)","decl":{"start":{"line":81,"column":19},"end":{"line":81,"column":20}},"loc":{"start":{"line":81,"column":26},"end":{"line":83,"column":13}},"line":81},"12":{"name":"(anonymous_12)","decl":{"start":{"line":86,"column":4},"end":{"line":86,"column":5}},"loc":{"start":{"line":86,"column":43},"end":{"line":100,"column":5}},"line":86},"13":{"name":"(anonymous_13)","decl":{"start":{"line":90,"column":18},"end":{"line":90,"column":19}},"loc":{"start":{"line":90,"column":28},"end":{"line":96,"column":13}},"line":90},"14":{"name":"(anonymous_14)","decl":{"start":{"line":97,"column":19},"end":{"line":97,"column":20}},"loc":{"start":{"line":97,"column":26},"end":{"line":99,"column":13}},"line":97}},"branchMap":{"0":{"loc":{"start":{"line":5,"column":21},"end":{"line":5,"column":40}},"type":"binary-expr","locations":[{"start":{"line":5,"column":21},"end":{"line":5,"column":35}},{"start":{"line":5,"column":39},"end":{"line":5,"column":40}}],"line":5},"1":{"loc":{"start":{"line":21,"column":16},"end":{"line":23,"column":17}},"type":"if","locations":[{"start":{"line":21,"column":16},"end":{"line":23,"column":17}},{"start":{},"end":{}}],"line":21},"2":{"loc":{"start":{"line":34,"column":8},"end":{"line":36,"column":9}},"type":"if","locations":[{"start":{"line":34,"column":8},"end":{"line":36,"column":9}},{"start":{},"end":{}}],"line":34},"3":{"loc":{"start":{"line":34,"column":12},"end":{"line":34,"column":66}},"type":"binary-expr","locations":[{"start":{"line":34,"column":12},"end":{"line":34,"column":17}},{"start":{"line":34,"column":21},"end":{"line":34,"column":30}},{"start":{"line":34,"column":34},"end":{"line":34,"column":40}},{"start":{"line":34,"column":44},"end":{"line":34,"column":57}},{"start":{"line":34,"column":61},"end":{"line":34,"column":66}}],"line":34},"4":{"loc":{"start":{"line":57,"column":8},"end":{"line":59,"column":9}},"type":"if","locations":[{"start":{"line":57,"column":8},"end":{"line":59,"column":9}},{"start":{},"end":{}}],"line":57},"5":{"loc":{"start":{"line":57,"column":12},"end":{"line":57,"column":66}},"type":"binary-expr","locations":[{"start":{"line":57,"column":12},"end":{"line":57,"column":17}},{"start":{"line":57,"column":21},"end":{"line":57,"column":30}},{"start":{"line":57,"column":34},"end":{"line":57,"column":40}},{"start":{"line":57,"column":44},"end":{"line":57,"column":57}},{"start":{"line":57,"column":61},"end":{"line":57,"column":66}}],"line":57},"6":{"loc":{"start":{"line":75,"column":16},"end":{"line":79,"column":17}},"type":"if","locations":[{"start":{"line":75,"column":16},"end":{"line":79,"column":17}},{"start":{"line":77,"column":23},"end":{"line":79,"column":17}}],"line":75},"7":{"loc":{"start":{"line":91,"column":16},"end":{"line":95,"column":17}},"type":"if","locations":[{"start":{"line":91,"column":16},"end":{"line":95,"column":17}},{"start":{"line":93,"column":23},"end":{"line":95,"column":17}}],"line":91}},"s":{"0":1,"1":1,"2":1,"3":1,"4":1,"5":1,"6":0,"7":2,"8":2,"9":1,"10":1,"11":0,"12":2,"13":2,"14":1,"15":1,"16":1,"17":0,"18":3,"19":3,"20":1,"21":2,"22":2,"23":2,"24":1,"25":1,"26":0,"27":2,"28":2,"29":1,"30":1,"31":0,"32":1},"f":{"0":1,"1":1,"2":0,"3":2,"4":2,"5":0,"6":2,"7":1,"8":0,"9":3,"10":2,"11":0,"12":2,"13":2,"14":0},"b":{"0":[1,0],"1":[1,1],"2":[1,1],"3":[2,2,1,1,1],"4":[1,2],"5":[3,3,2,2,2],"6":[1,1],"7":[1,1]},"_coverageSchema":"1a1c01bbd47fc00a2c39e90264f33305004495a9","hash":"1fec81fdf66a89e766caf55c5520803d868e53e1"}
,"C:\\Users\\Timothy Partaliano\\Desktop\\blood-nation-backend\\controllers\\reservationController.js": {"path":"C:\\Users\\Timothy Partaliano\\Desktop\\blood-nation-backend\\controllers\\reservationController.js","statementMap":{"0":{"start":{"line":1,"column":48},"end":{"line":1,"column":68}},"1":{"start":{"line":5,"column":8},"end":{"line":13,"column":15}},"2":{"start":{"line":9,"column":16},"end":{"line":9,"column":45}},"3":{"start":{"line":12,"column":16},"end":{"line":12,"column":26}},"4":{"start":{"line":17,"column":8},"end":{"line":28,"column":15}},"5":{"start":{"line":21,"column":16},"end":{"line":23,"column":17}},"6":{"start":{"line":22,"column":20},"end":{"line":22,"column":86}},"7":{"start":{"line":24,"column":16},"end":{"line":24,"column":45}},"8":{"start":{"line":27,"column":16},"end":{"line":27,"column":26}},"9":{"start":{"line":32,"column":23},"end":{"line":32,"column":40}},"10":{"start":{"line":34,"column":8},"end":{"line":46,"column":15}},"11":{"start":{"line":39,"column":16},"end":{"line":41,"column":17}},"12":{"start":{"line":40,"column":20},"end":{"line":40,"column":101}},"13":{"start":{"line":42,"column":16},"end":{"line":42,"column":45}},"14":{"start":{"line":45,"column":16},"end":{"line":45,"column":26}},"15":{"start":{"line":50,"column":52},"end":{"line":50,"column":60}},"16":{"start":{"line":51,"column":24},"end":{"line":51,"column":42}},"17":{"start":{"line":52,"column":21},"end":{"line":52,"column":36}},"18":{"start":{"line":54,"column":8},"end":{"line":56,"column":9}},"19":{"start":{"line":55,"column":12},"end":{"line":55,"column":80}},"20":{"start":{"line":58,"column":8},"end":{"line":86,"column":15}},"21":{"start":{"line":60,"column":16},"end":{"line":62,"column":17}},"22":{"start":{"line":61,"column":20},"end":{"line":61,"column":80}},"23":{"start":{"line":64,"column":16},"end":{"line":82,"column":23}},"24":{"start":{"line":73,"column":24},"end":{"line":73,"column":133}},"25":{"start":{"line":76,"column":24},"end":{"line":76,"column":89}},"26":{"start":{"line":77,"column":24},"end":{"line":81,"column":25}},"27":{"start":{"line":78,"column":28},"end":{"line":78,"column":92}},"28":{"start":{"line":80,"column":28},"end":{"line":80,"column":87}},"29":{"start":{"line":85,"column":16},"end":{"line":85,"column":26}},"30":{"start":{"line":90,"column":52},"end":{"line":90,"column":60}},"31":{"start":{"line":92,"column":8},"end":{"line":94,"column":9}},"32":{"start":{"line":93,"column":12},"end":{"line":93,"column":80}},"33":{"start":{"line":96,"column":30},"end":{"line":101,"column":9}},"34":{"start":{"line":103,"column":8},"end":{"line":116,"column":15}},"35":{"start":{"line":108,"column":16},"end":{"line":112,"column":17}},"36":{"start":{"line":109,"column":20},"end":{"line":109,"column":79}},"37":{"start":{"line":111,"column":20},"end":{"line":111,"column":111}},"38":{"start":{"line":115,"column":16},"end":{"line":115,"column":26}},"39":{"start":{"line":120,"column":8},"end":{"line":132,"column":15}},"40":{"start":{"line":124,"column":16},"end":{"line":128,"column":17}},"41":{"start":{"line":125,"column":20},"end":{"line":125,"column":79}},"42":{"start":{"line":127,"column":20},"end":{"line":127,"column":98}},"43":{"start":{"line":131,"column":16},"end":{"line":131,"column":26}},"44":{"start":{"line":136,"column":0},"end":{"line":136,"column":39}}},"fnMap":{"0":{"name":"(anonymous_0)","decl":{"start":{"line":4,"column":4},"end":{"line":4,"column":5}},"loc":{"start":{"line":4,"column":45},"end":{"line":14,"column":5}},"line":4},"1":{"name":"(anonymous_1)","decl":{"start":{"line":8,"column":18},"end":{"line":8,"column":19}},"loc":{"start":{"line":8,"column":28},"end":{"line":10,"column":13}},"line":8},"2":{"name":"(anonymous_2)","decl":{"start":{"line":11,"column":19},"end":{"line":11,"column":20}},"loc":{"start":{"line":11,"column":26},"end":{"line":13,"column":13}},"line":11},"3":{"name":"(anonymous_3)","decl":{"start":{"line":16,"column":4},"end":{"line":16,"column":5}},"loc":{"start":{"line":16,"column":46},"end":{"line":29,"column":5}},"line":16},"4":{"name":"(anonymous_4)","decl":{"start":{"line":20,"column":18},"end":{"line":20,"column":19}},"loc":{"start":{"line":20,"column":28},"end":{"line":25,"column":13}},"line":20},"5":{"name":"(anonymous_5)","decl":{"start":{"line":26,"column":19},"end":{"line":26,"column":20}},"loc":{"start":{"line":26,"column":26},"end":{"line":28,"column":13}},"line":26},"6":{"name":"(anonymous_6)","decl":{"start":{"line":31,"column":4},"end":{"line":31,"column":5}},"loc":{"start":{"line":31,"column":50},"end":{"line":47,"column":5}},"line":31},"7":{"name":"(anonymous_7)","decl":{"start":{"line":38,"column":18},"end":{"line":38,"column":19}},"loc":{"start":{"line":38,"column":28},"end":{"line":43,"column":13}},"line":38},"8":{"name":"(anonymous_8)","decl":{"start":{"line":44,"column":19},"end":{"line":44,"column":20}},"loc":{"start":{"line":44,"column":26},"end":{"line":46,"column":13}},"line":44},"9":{"name":"(anonymous_9)","decl":{"start":{"line":49,"column":4},"end":{"line":49,"column":5}},"loc":{"start":{"line":49,"column":45},"end":{"line":87,"column":5}},"line":49},"10":{"name":"(anonymous_10)","decl":{"start":{"line":59,"column":18},"end":{"line":59,"column":19}},"loc":{"start":{"line":59,"column":27},"end":{"line":83,"column":13}},"line":59},"11":{"name":"(anonymous_11)","decl":{"start":{"line":72,"column":26},"end":{"line":72,"column":27}},"loc":{"start":{"line":72,"column":36},"end":{"line":74,"column":21}},"line":72},"12":{"name":"(anonymous_12)","decl":{"start":{"line":75,"column":27},"end":{"line":75,"column":28}},"loc":{"start":{"line":75,"column":34},"end":{"line":82,"column":21}},"line":75},"13":{"name":"(anonymous_13)","decl":{"start":{"line":84,"column":19},"end":{"line":84,"column":20}},"loc":{"start":{"line":84,"column":26},"end":{"line":86,"column":13}},"line":84},"14":{"name":"(anonymous_14)","decl":{"start":{"line":89,"column":4},"end":{"line":89,"column":5}},"loc":{"start":{"line":89,"column":49},"end":{"line":117,"column":5}},"line":89},"15":{"name":"(anonymous_15)","decl":{"start":{"line":107,"column":18},"end":{"line":107,"column":19}},"loc":{"start":{"line":107,"column":28},"end":{"line":113,"column":13}},"line":107},"16":{"name":"(anonymous_16)","decl":{"start":{"line":114,"column":19},"end":{"line":114,"column":20}},"loc":{"start":{"line":114,"column":26},"end":{"line":116,"column":13}},"line":114},"17":{"name":"(anonymous_17)","decl":{"start":{"line":119,"column":4},"end":{"line":119,"column":5}},"loc":{"start":{"line":119,"column":44},"end":{"line":133,"column":5}},"line":119},"18":{"name":"(anonymous_18)","decl":{"start":{"line":123,"column":18},"end":{"line":123,"column":19}},"loc":{"start":{"line":123,"column":28},"end":{"line":129,"column":13}},"line":123},"19":{"name":"(anonymous_19)","decl":{"start":{"line":130,"column":19},"end":{"line":130,"column":20}},"loc":{"start":{"line":130,"column":26},"end":{"line":132,"column":13}},"line":130}},"branchMap":{"0":{"loc":{"start":{"line":21,"column":16},"end":{"line":23,"column":17}},"type":"if","locations":[{"start":{"line":21,"column":16},"end":{"line":23,"column":17}},{"start":{},"end":{}}],"line":21},"1":{"loc":{"start":{"line":39,"column":16},"end":{"line":41,"column":17}},"type":"if","locations":[{"start":{"line":39,"column":16},"end":{"line":41,"column":17}},{"start":{},"end":{}}],"line":39},"2":{"loc":{"start":{"line":54,"column":8},"end":{"line":56,"column":9}},"type":"if","locations":[{"start":{"line":54,"column":8},"end":{"line":56,"column":9}},{"start":{},"end":{}}],"line":54},"3":{"loc":{"start":{"line":54,"column":12},"end":{"line":54,"column":65}},"type":"binary-expr","locations":[{"start":{"line":54,"column":12},"end":{"line":54,"column":20}},{"start":{"line":54,"column":24},"end":{"line":54,"column":28}},{"start":{"line":54,"column":32},"end":{"line":54,"column":39}},{"start":{"line":54,"column":43},"end":{"line":54,"column":53}},{"start":{"line":54,"column":57},"end":{"line":54,"column":65}}],"line":54},"4":{"loc":{"start":{"line":60,"column":16},"end":{"line":62,"column":17}},"type":"if","locations":[{"start":{"line":60,"column":16},"end":{"line":62,"column":17}},{"start":{},"end":{}}],"line":60},"5":{"loc":{"start":{"line":77,"column":24},"end":{"line":81,"column":25}},"type":"if","locations":[{"start":{"line":77,"column":24},"end":{"line":81,"column":25}},{"start":{"line":79,"column":31},"end":{"line":81,"column":25}}],"line":77},"6":{"loc":{"start":{"line":92,"column":8},"end":{"line":94,"column":9}},"type":"if","locations":[{"start":{"line":92,"column":8},"end":{"line":94,"column":9}},{"start":{},"end":{}}],"line":92},"7":{"loc":{"start":{"line":92,"column":12},"end":{"line":92,"column":53}},"type":"binary-expr","locations":[{"start":{"line":92,"column":12},"end":{"line":92,"column":20}},{"start":{"line":92,"column":24},"end":{"line":92,"column":28}},{"start":{"line":92,"column":32},"end":{"line":92,"column":39}},{"start":{"line":92,"column":43},"end":{"line":92,"column":53}}],"line":92},"8":{"loc":{"start":{"line":108,"column":16},"end":{"line":112,"column":17}},"type":"if","locations":[{"start":{"line":108,"column":16},"end":{"line":112,"column":17}},{"start":{"line":110,"column":23},"end":{"line":112,"column":17}}],"line":108},"9":{"loc":{"start":{"line":124,"column":16},"end":{"line":128,"column":17}},"type":"if","locations":[{"start":{"line":124,"column":16},"end":{"line":128,"column":17}},{"start":{"line":126,"column":23},"end":{"line":128,"column":17}}],"line":124}},"s":{"0":1,"1":1,"2":1,"3":0,"4":2,"5":2,"6":1,"7":1,"8":0,"9":0,"10":0,"11":0,"12":0,"13":0,"14":0,"15":3,"16":3,"17":3,"18":3,"19":2,"20":1,"21":1,"22":1,"23":0,"24":0,"25":0,"26":0,"27":0,"28":0,"29":0,"30":3,"31":3,"32":1,"33":2,"34":2,"35":2,"36":1,"37":1,"38":0,"39":2,"40":2,"41":1,"42":1,"43":0,"44":1},"f":{"0":1,"1":1,"2":0,"3":2,"4":2,"5":0,"6":0,"7":0,"8":0,"9":3,"10":1,"11":0,"12":0,"13":0,"14":3,"15":2,"16":0,"17":2,"18":2,"19":0},"b":{"0":[1,1],"1":[0,0],"2":[2,1],"3":[3,3,2,2,2],"4":[1,0],"5":[0,0],"6":[1,2],"7":[3,3,2,2],"8":[1,1],"9":[1,1]},"_coverageSchema":"1a1c01bbd47fc00a2c39e90264f33305004495a9","hash":"cb4bf8091feb943f223acee7822ce442fb7f25fb"}
,"C:\\Users\\Timothy Partaliano\\Desktop\\blood-nation-backend\\controllers\\userController.js": {"path":"C:\\Users\\Timothy Partaliano\\Desktop\\blood-nation-backend\\controllers\\userController.js","statementMap":{"0":{"start":{"line":1,"column":28},"end":{"line":1,"column":48}},"1":{"start":{"line":2,"column":28},"end":{"line":2,"column":56}},"2":{"start":{"line":3,"column":26},"end":{"line":3,"column":51}},"3":{"start":{"line":7,"column":8},"end":{"line":16,"column":15}},"4":{"start":{"line":9,"column":16},"end":{"line":11,"column":17}},"5":{"start":{"line":10,"column":20},"end":{"line":10,"column":79}},"6":{"start":{"line":12,"column":16},"end":{"line":12,"column":45}},"7":{"start":{"line":15,"column":16},"end":{"line":15,"column":26}},"8":{"start":{"line":20,"column":59},"end":{"line":20,"column":67}},"9":{"start":{"line":21,"column":8},"end":{"line":38,"column":15}},"10":{"start":{"line":28,"column":31},"end":{"line":33,"column":17}},"11":{"start":{"line":34,"column":16},"end":{"line":34,"column":46}},"12":{"start":{"line":37,"column":16},"end":{"line":37,"column":26}},"13":{"start":{"line":42,"column":36},"end":{"line":42,"column":44}},"14":{"start":{"line":43,"column":8},"end":{"line":71,"column":15}},"15":{"start":{"line":49,"column":16},"end":{"line":51,"column":17}},"16":{"start":{"line":50,"column":20},"end":{"line":50,"column":99}},"17":{"start":{"line":52,"column":34},"end":{"line":52,"column":74}},"18":{"start":{"line":53,"column":16},"end":{"line":55,"column":17}},"19":{"start":{"line":54,"column":20},"end":{"line":54,"column":115}},"20":{"start":{"line":56,"column":30},"end":{"line":59,"column":17}},"21":{"start":{"line":61,"column":30},"end":{"line":61,"column":52}},"22":{"start":{"line":63,"column":16},"end":{"line":67,"column":18}},"23":{"start":{"line":70,"column":16},"end":{"line":70,"column":26}},"24":{"start":{"line":75,"column":0},"end":{"line":75,"column":32}}},"fnMap":{"0":{"name":"(anonymous_0)","decl":{"start":{"line":6,"column":4},"end":{"line":6,"column":5}},"loc":{"start":{"line":6,"column":39},"end":{"line":17,"column":5}},"line":6},"1":{"name":"(anonymous_1)","decl":{"start":{"line":8,"column":18},"end":{"line":8,"column":19}},"loc":{"start":{"line":8,"column":28},"end":{"line":13,"column":13}},"line":8},"2":{"name":"(anonymous_2)","decl":{"start":{"line":14,"column":19},"end":{"line":14,"column":20}},"loc":{"start":{"line":14,"column":26},"end":{"line":16,"column":13}},"line":14},"3":{"name":"(anonymous_3)","decl":{"start":{"line":19,"column":4},"end":{"line":19,"column":5}},"loc":{"start":{"line":19,"column":36},"end":{"line":39,"column":5}},"line":19},"4":{"name":"(anonymous_4)","decl":{"start":{"line":27,"column":18},"end":{"line":27,"column":19}},"loc":{"start":{"line":27,"column":28},"end":{"line":35,"column":13}},"line":27},"5":{"name":"(anonymous_5)","decl":{"start":{"line":36,"column":19},"end":{"line":36,"column":20}},"loc":{"start":{"line":36,"column":26},"end":{"line":38,"column":13}},"line":36},"6":{"name":"(anonymous_6)","decl":{"start":{"line":41,"column":4},"end":{"line":41,"column":5}},"loc":{"start":{"line":41,"column":33},"end":{"line":72,"column":5}},"line":41},"7":{"name":"(anonymous_7)","decl":{"start":{"line":48,"column":18},"end":{"line":48,"column":19}},"loc":{"start":{"line":48,"column":26},"end":{"line":68,"column":13}},"line":48},"8":{"name":"(anonymous_8)","decl":{"start":{"line":69,"column":19},"end":{"line":69,"column":20}},"loc":{"start":{"line":69,"column":26},"end":{"line":71,"column":13}},"line":69}},"branchMap":{"0":{"loc":{"start":{"line":9,"column":16},"end":{"line":11,"column":17}},"type":"if","locations":[{"start":{"line":9,"column":16},"end":{"line":11,"column":17}},{"start":{},"end":{}}],"line":9},"1":{"loc":{"start":{"line":49,"column":16},"end":{"line":51,"column":17}},"type":"if","locations":[{"start":{"line":49,"column":16},"end":{"line":51,"column":17}},{"start":{},"end":{}}],"line":49},"2":{"loc":{"start":{"line":53,"column":16},"end":{"line":55,"column":17}},"type":"if","locations":[{"start":{"line":53,"column":16},"end":{"line":55,"column":17}},{"start":{},"end":{}}],"line":53}},"s":{"0":1,"1":1,"2":1,"3":2,"4":2,"5":1,"6":1,"7":0,"8":1,"9":1,"10":1,"11":1,"12":0,"13":3,"14":3,"15":3,"16":1,"17":2,"18":2,"19":1,"20":1,"21":1,"22":1,"23":0,"24":1},"f":{"0":2,"1":2,"2":0,"3":1,"4":1,"5":0,"6":3,"7":3,"8":0},"b":{"0":[1,1],"1":[1,2],"2":[1,1]},"_coverageSchema":"1a1c01bbd47fc00a2c39e90264f33305004495a9","hash":"f3e1593da960dbbe2ae96e4d134baf6a245b9b3b"}
}
