TN:
SF:controllers\eventController.js
FN:4,(anonymous_0)
FN:10,(anonymous_1)
FN:13,(anonymous_2)
FN:18,(anonymous_3)
FN:20,(anonymous_4)
FN:26,(anonymous_5)
FN:31,(anonymous_6)
FN:46,(anonymous_7)
FN:49,(anonymous_8)
FN:54,(anonymous_9)
FN:74,(anonymous_10)
FN:81,(anonymous_11)
FN:86,(anonymous_12)
FN:90,(anonymous_13)
FN:97,(anonymous_14)
FNF:15
FNH:10
FNDA:1,(anonymous_0)
FNDA:1,(anonymous_1)
FNDA:0,(anonymous_2)
FNDA:2,(anonymous_3)
FNDA:2,(anonymous_4)
FNDA:0,(anonymous_5)
FNDA:2,(anonymous_6)
FNDA:1,(anonymous_7)
FNDA:0,(anonymous_8)
FNDA:3,(anonymous_9)
FNDA:2,(anonymous_10)
FNDA:0,(anonymous_11)
FNDA:2,(anonymous_12)
FNDA:2,(anonymous_13)
FNDA:0,(anonymous_14)
DA:1,1
DA:5,1
DA:6,1
DA:7,1
DA:9,1
DA:11,1
DA:14,0
DA:19,2
DA:21,2
DA:22,1
DA:24,1
DA:27,0
DA:32,2
DA:34,2
DA:35,1
DA:38,1
DA:47,1
DA:50,0
DA:55,3
DA:57,3
DA:58,1
DA:61,2
DA:70,2
DA:75,2
DA:76,1
DA:78,1
DA:82,0
DA:87,2
DA:91,2
DA:92,1
DA:94,1
DA:98,0
DA:103,1
LF:33
LH:28
BRDA:5,0,0,1
BRDA:5,0,1,0
BRDA:21,1,0,1
BRDA:21,1,1,1
BRDA:34,2,0,1
BRDA:34,2,1,1
BRDA:34,3,0,2
BRDA:34,3,1,2
BRDA:34,3,2,1
BRDA:34,3,3,1
BRDA:34,3,4,1
BRDA:57,4,0,1
BRDA:57,4,1,2
BRDA:57,5,0,3
BRDA:57,5,1,3
BRDA:57,5,2,2
BRDA:57,5,3,2
BRDA:57,5,4,2
BRDA:75,6,0,1
BRDA:75,6,1,1
BRDA:91,7,0,1
BRDA:91,7,1,1
BRF:22
BRH:21
end_of_record
TN:
SF:controllers\reservationController.js
FN:4,(anonymous_0)
FN:8,(anonymous_1)
FN:11,(anonymous_2)
FN:16,(anonymous_3)
FN:20,(anonymous_4)
FN:26,(anonymous_5)
FN:31,(anonymous_6)
FN:38,(anonymous_7)
FN:44,(anonymous_8)
FN:49,(anonymous_9)
FN:59,(anonymous_10)
FN:72,(anonymous_11)
FN:75,(anonymous_12)
FN:84,(anonymous_13)
FN:89,(anonymous_14)
FN:107,(anonymous_15)
FN:114,(anonymous_16)
FN:119,(anonymous_17)
FN:123,(anonymous_18)
FN:130,(anonymous_19)
FNF:20
FNH:10
FNDA:1,(anonymous_0)
FNDA:1,(anonymous_1)
FNDA:0,(anonymous_2)
FNDA:2,(anonymous_3)
FNDA:2,(anonymous_4)
FNDA:0,(anonymous_5)
FNDA:0,(anonymous_6)
FNDA:0,(anonymous_7)
FNDA:0,(anonymous_8)
FNDA:3,(anonymous_9)
FNDA:1,(anonymous_10)
FNDA:0,(anonymous_11)
FNDA:0,(anonymous_12)
FNDA:0,(anonymous_13)
FNDA:3,(anonymous_14)
FNDA:2,(anonymous_15)
FNDA:0,(anonymous_16)
FNDA:2,(anonymous_17)
FNDA:2,(anonymous_18)
FNDA:0,(anonymous_19)
DA:1,1
DA:5,1
DA:9,1
DA:12,0
DA:17,2
DA:21,2
DA:22,1
DA:24,1
DA:27,0
DA:32,0
DA:34,0
DA:39,0
DA:40,0
DA:42,0
DA:45,0
DA:50,3
DA:51,3
DA:52,3
DA:54,3
DA:55,2
DA:58,1
DA:60,1
DA:61,1
DA:64,0
DA:73,0
DA:76,0
DA:77,0
DA:78,0
DA:80,0
DA:85,0
DA:90,3
DA:92,3
DA:93,1
DA:96,2
DA:103,2
DA:108,2
DA:109,1
DA:111,1
DA:115,0
DA:120,2
DA:124,2
DA:125,1
DA:127,1
DA:131,0
DA:136,1
LF:45
LH:28
BRDA:21,0,0,1
BRDA:21,0,1,1
BRDA:39,1,0,0
BRDA:39,1,1,0
BRDA:54,2,0,2
BRDA:54,2,1,1
BRDA:54,3,0,3
BRDA:54,3,1,3
BRDA:54,3,2,2
BRDA:54,3,3,2
BRDA:54,3,4,2
BRDA:60,4,0,1
BRDA:60,4,1,0
BRDA:77,5,0,0
BRDA:77,5,1,0
BRDA:92,6,0,1
BRDA:92,6,1,2
BRDA:92,7,0,3
BRDA:92,7,1,3
BRDA:92,7,2,2
BRDA:92,7,3,2
BRDA:108,8,0,1
BRDA:108,8,1,1
BRDA:124,9,0,1
BRDA:124,9,1,1
BRF:25
BRH:20
end_of_record
TN:
SF:controllers\userController.js
FN:6,(anonymous_0)
FN:8,(anonymous_1)
FN:14,(anonymous_2)
FN:19,(anonymous_3)
FN:27,(anonymous_4)
FN:36,(anonymous_5)
FN:41,(anonymous_6)
FN:48,(anonymous_7)
FN:69,(anonymous_8)
FNF:9
FNH:6
FNDA:2,(anonymous_0)
FNDA:2,(anonymous_1)
FNDA:0,(anonymous_2)
FNDA:1,(anonymous_3)
FNDA:1,(anonymous_4)
FNDA:0,(anonymous_5)
FNDA:3,(anonymous_6)
FNDA:3,(anonymous_7)
FNDA:0,(anonymous_8)
DA:1,1
DA:2,1
DA:3,1
DA:7,2
DA:9,2
DA:10,1
DA:12,1
DA:15,0
DA:20,1
DA:21,1
DA:28,1
DA:34,1
DA:37,0
DA:42,3
DA:43,3
DA:49,3
DA:50,1
DA:52,2
DA:53,2
DA:54,1
DA:56,1
DA:61,1
DA:63,1
DA:70,0
DA:75,1
LF:25
LH:22
BRDA:9,0,0,1
BRDA:9,0,1,1
BRDA:49,1,0,1
BRDA:49,1,1,2
BRDA:53,2,0,1
BRDA:53,2,1,1
BRF:6
BRH:6
end_of_record
